ERROR: SystemError: opening file "/Users/obk/projects/Metacells.jl/scripts/improved_spheres.jl": No such file or directory
Stacktrace:
  [1] systemerror(p::String, errno::Int32; extrainfo::Nothing)
    @ Base ./error.jl:176
  [2] systemerror
    @ Base ./error.jl:175 [inlined]
  [3] open(fname::String; lock::Bool, read::Nothing, write::Nothing, create::Nothing, truncate::Nothing, append::Nothing)
    @ Base ./iostream.jl:293
  [4] open
    @ Base ./iostream.jl:275 [inlined]
  [5] open(f::Base.var"#433#434"{String}, args::String; kwargs::@Kwargs{})
    @ Base ./io.jl:394
  [6] open
    @ Base ./io.jl:393 [inlined]
  [7] read
    @ Base ./io.jl:486 [inlined]
  [8] _include(mapexpr::Function, mod::Module, _path::String)
    @ Base ./loading.jl:2126
  [9] include(mod::Module, _path::String)
    @ Base ./Base.jl:495
 [10] exec_options(opts::Base.JLOptions)
    @ Base ./client.jl:318
 [11] _start()
    @ Base ./client.jl:552
